# JRE version: Java(TM) SE Runtime Environment (8.0_171-b11) (build 1.8.0_171-b11)
# Java VM: Java HotSpot(TM) 64-Bit Server VM (25.171-b11 mixed mode linux-amd64 compressed oops)
Heap:
 PSYoungGen      total 653312K, used 207774K [0x0000000784300000, 0x00000007c0000000, 0x00000007c0000000)
  eden space 326656K, 0% used [0x0000000784300000,0x0000000784300000,0x0000000798200000)
  from space 326656K, 63% used [0x00000007ac100000,0x00000007b8be7878,0x00000007c0000000)
  to   space 326656K, 0% used [0x0000000798200000,0x0000000798200000,0x00000007ac100000)
 ParOldGen       total 1037312K, used 1036944K [0x000000070c800000, 0x000000074bd00000, 0x0000000784300000)
  object space 1037312K, 99% used [0x000000070c800000,0x000000074bca43a8,0x000000074bd00000)
 Metaspace       used 4087K, capacity 4636K, committed 4864K, reserved 1056768K
  class space    used 456K, capacity 460K, committed 512K, reserved 1048576K
GC Heap History (10 events):
Event: 28.039 GC heap after
Heap after GC invocations=15 (full 4):
 PSYoungGen      total 468480K, used 158017K [0x0000000784300000, 0x00000007bd980000, 0x00000007c0000000)
  eden space 215040K, 0% used [0x0000000784300000,0x0000000784300000,0x0000000791500000)
  from space 253440K, 62% used [0x0000000791500000,0x000000079af50700,0x00000007a0c80000)
  to   space 326656K, 0% used [0x00000007a9a80000,0x00000007a9a80000,0x00000007bd980000)
 ParOldGen       total 649728K, used 393285K [0x000000070c800000, 0x0000000734280000, 0x0000000784300000)
  object space 649728K, 60% used [0x000000070c800000,0x00000007248116d8,0x0000000734280000)
 Metaspace       used 4087K, capacity 4636K, committed 4864K, reserved 1056768K
  class space    used 456K, capacity 460K, committed 512K, reserved 1048576K
}
Event: 28.130 GC heap before
{Heap before GC invocations=16 (full 4):
 PSYoungGen      total 468480K, used 373057K [0x0000000784300000, 0x00000007bd980000, 0x00000007c0000000)
  eden space 215040K, 100% used [0x0000000784300000,0x0000000791500000,0x0000000791500000)
  from space 253440K, 62% used [0x0000000791500000,0x000000079af50700,0x00000007a0c80000)
  to   space 326656K, 0% used [0x00000007a9a80000,0x00000007a9a80000,0x00000007bd980000)
 ParOldGen       total 649728K, used 393285K [0x000000070c800000, 0x0000000734280000, 0x0000000784300000)
  object space 649728K, 60% used [0x000000070c800000,0x00000007248116d8,0x0000000734280000)
 Metaspace       used 4087K, capacity 4636K, committed 4864K, reserved 1056768K
  class space    used 456K, capacity 460K, committed 512K, reserved 1048576K
Event: 28.496 GC heap after
Heap after GC invocations=16 (full 4):
 PSYoungGen      total 600576K, used 326647K [0x0000000784300000, 0x00000007bd980000, 0x00000007c0000000)
  eden space 273920K, 0% used [0x0000000784300000,0x0000000784300000,0x0000000794e80000)
  from space 326656K, 99% used [0x00000007a9a80000,0x00000007bd97dc60,0x00000007bd980000)
  to   space 326656K, 0% used [0x0000000795b80000,0x0000000795b80000,0x00000007a9a80000)
 ParOldGen       total 649728K, used 440301K [0x000000070c800000, 0x0000000734280000, 0x0000000784300000)
  object space 649728K, 67% used [0x000000070c800000,0x00000007275fb6d8,0x0000000734280000)
 Metaspace       used 4087K, capacity 4636K, committed 4864K, reserved 1056768K
  class space    used 456K, capacity 460K, committed 512K, reserved 1048576K
}
Event: 28.613 GC heap before
{Heap before GC invocations=17 (full 4):
 PSYoungGen      total 600576K, used 600567K [0x0000000784300000, 0x00000007bd980000, 0x00000007c0000000)
  eden space 273920K, 100% used [0x0000000784300000,0x0000000794e80000,0x0000000794e80000)
  from space 326656K, 99% used [0x00000007a9a80000,0x00000007bd97dc60,0x00000007bd980000)
  to   space 326656K, 0% used [0x0000000795b80000,0x0000000795b80000,0x00000007a9a80000)
 ParOldGen       total 649728K, used 440301K [0x000000070c800000, 0x0000000734280000, 0x0000000784300000)
  object space 649728K, 67% used [0x000000070c800000,0x00000007275fb6d8,0x0000000734280000)
 Metaspace       used 4087K, capacity 4636K, committed 4864K, reserved 1056768K
  class space    used 456K, capacity 460K, committed 512K, reserved 1048576K
Event: 28.853 GC heap after
Heap after GC invocations=17 (full 4):
 PSYoungGen      total 613888K, used 326626K [0x0000000784300000, 0x00000007c0000000, 0x00000007c0000000)
  eden space 287232K, 0% used [0x0000000784300000,0x0000000784300000,0x0000000795b80000)
  from space 326656K, 99% used [0x0000000795b80000,0x00000007a9a78a88,0x00000007a9a80000)
  to   space 326656K, 0% used [0x00000007ac100000,0x00000007ac100000,0x00000007c0000000)
 ParOldGen       total 680960K, used 679461K [0x000000070c800000, 0x0000000736100000, 0x0000000784300000)
  object space 680960K, 99% used [0x000000070c800000,0x0000000735f896d8,0x0000000736100000)
 Metaspace       used 4087K, capacity 4636K, committed 4864K, reserved 1056768K
  class space    used 456K, capacity 460K, committed 512K, reserved 1048576K
}
Event: 28.853 GC heap before
{Heap before GC invocations=18 (full 5):
 PSYoungGen      total 613888K, used 326626K [0x0000000784300000, 0x00000007c0000000, 0x00000007c0000000)
  eden space 287232K, 0% used [0x0000000784300000,0x0000000784300000,0x0000000795b80000)
  from space 326656K, 99% used [0x0000000795b80000,0x00000007a9a78a88,0x00000007a9a80000)
  to   space 326656K, 0% used [0x00000007ac100000,0x00000007ac100000,0x00000007c0000000)
 ParOldGen       total 680960K, used 679461K [0x000000070c800000, 0x0000000736100000, 0x0000000784300000)
  object space 680960K, 99% used [0x000000070c800000,0x0000000735f896d8,0x0000000736100000)
 Metaspace       used 4087K, capacity 4636K, committed 4864K, reserved 1056768K
  class space    used 456K, capacity 460K, committed 512K, reserved 1048576K
Event: 31.013 GC heap after
Heap after GC invocations=18 (full 5):
 PSYoungGen      total 613888K, used 326360K [0x0000000784300000, 0x00000007c0000000, 0x00000007c0000000)
  eden space 287232K, 0% used [0x0000000784300000,0x0000000784300000,0x0000000795b80000)
  from space 326656K, 99% used [0x0000000795b80000,0x00000007a9a360d0,0x00000007a9a80000)
  to   space 326656K, 0% used [0x00000007ac100000,0x00000007ac100000,0x00000007c0000000)
 ParOldGen       total 993280K, used 653808K [0x000000070c800000, 0x0000000749200000, 0x0000000784300000)
  object space 993280K, 65% used [0x000000070c800000,0x000000073467c3a8,0x0000000749200000)
 Metaspace       used 4087K, capacity 4636K, committed 4864K, reserved 1056768K
  class space    used 456K, capacity 460K, committed 512K, reserved 1048576K
}
Event: 31.140 GC heap before
{Heap before GC invocations=19 (full 5):
 PSYoungGen      total 613888K, used 596192K [0x0000000784300000, 0x00000007c0000000, 0x00000007c0000000)
  eden space 287232K, 93% used [0x0000000784300000,0x0000000794a820a8,0x0000000795b80000)
  from space 326656K, 99% used [0x0000000795b80000,0x00000007a9a360d0,0x00000007a9a80000)
  to   space 326656K, 0% used [0x00000007ac100000,0x00000007ac100000,0x00000007c0000000)
 ParOldGen       total 993280K, used 653808K [0x000000070c800000, 0x0000000749200000, 0x0000000784300000)
  object space 993280K, 65% used [0x000000070c800000,0x000000073467c3a8,0x0000000749200000)
 Metaspace       used 4087K, capacity 4636K, committed 4864K, reserved 1056768K
  class space    used 456K, capacity 460K, committed 512K, reserved 1048576K
Event: 31.507 GC heap after
Heap after GC invocations=19 (full 5):
 PSYoungGen      total 653312K, used 264864K [0x0000000784300000, 0x00000007c0000000, 0x00000007c0000000)
  eden space 326656K, 0% used [0x0000000784300000,0x0000000784300000,0x0000000798200000)
  from space 326656K, 81% used [0x00000007ac100000,0x00000007bc3a8000,0x00000007c0000000)
  to   space 326656K, 0% used [0x0000000798200000,0x0000000798200000,0x00000007ac100000)
 ParOldGen       total 1037312K, used 1036006K [0x000000070c800000, 0x000000074bd00000, 0x0000000784300000)
  object space 1037312K, 99% used [0x000000070c800000,0x000000074bbb98b8,0x000000074bd00000)
 Metaspace       used 4087K, capacity 4636K, committed 4864K, reserved 1056768K
  class space    used 456K, capacity 460K, committed 512K, reserved 1048576K
}
Event: 31.507 GC heap before
{Heap before GC invocations=20 (full 6):
 PSYoungGen      total 653312K, used 264864K [0x0000000784300000, 0x00000007c0000000, 0x00000007c0000000)
  eden space 326656K, 0% used [0x0000000784300000,0x0000000784300000,0x0000000798200000)
  from space 326656K, 81% used [0x00000007ac100000,0x00000007bc3a8000,0x00000007c0000000)
  to   space 326656K, 0% used [0x0000000798200000,0x0000000798200000,0x00000007ac100000)
 ParOldGen       total 1037312K, used 1036006K [0x000000070c800000, 0x000000074bd00000, 0x0000000784300000)
  object space 1037312K, 99% used [0x000000070c800000,0x000000074bbb98b8,0x000000074bd00000)
 Metaspace       used 4087K, capacity 4636K, committed 4864K, reserved 1056768K
  class space    used 456K, capacity 460K, committed 512K, reserved 1048576K

